Using pre-set license
Built from '2021.1/staging' branch; Version is '2021.1.6f1 (c0fade0cc7e9) revision 12647134'; Using compiler version '192528614'; Build Type 'Release'
OS: 'Windows 10 Pro; OS build 19045.2486; Version 2009; 64bit' Language: 'ru' Physical Memory: 7805 MB
BatchMode: 1, IsHumanControllingUs: 0, StartBugReporterOnCrash: 0, Is64bit: 1, IsPro: 0

 COMMAND LINE ARGUMENTS:
C:\Program Files\Unity 2021.1.6f1\Editor\Unity.exe
-adb2
-batchMode
-noUpm
-name
AssetImportWorker4
-projectPath
G:/Учеба/C#/Unity задачи/Tower Defence
-logFile
Logs/AssetImportWorker4.log
-srvPort
62625
Successfully changed project path to: G:/Учеба/C#/Unity задачи/Tower Defence
G:/Учеба/C#/Unity задачи/Tower Defence
Using Asset Import Pipeline V2.
Refreshing native plugins compatible for Editor in 322.77 ms, found 2 plugins.
Preloading 0 native plugins for Editor in 0.00 ms.
Initialize engine version: 2021.1.6f1 (c0fade0cc7e9)
[Subsystems] Discovering subsystems at path C:/Program Files/Unity 2021.1.6f1/Editor/Data/Resources/UnitySubsystems
[Subsystems] Discovering subsystems at path G:/Учеба/C#/Unity задачи/Tower Defence/Assets
GfxDevice: creating device client; threaded=0; jobified=0
Direct3D:
    Version:  Direct3D 11.0 [level 11.0]
    Renderer: Intel(R) HD Graphics (ID=0x156)
    Vendor:   Intel
    VRAM:     128 MB
    Driver:   10.18.10.5161
Initialize mono
Mono path[0] = 'C:/Program Files/Unity 2021.1.6f1/Editor/Data/Managed'
Mono path[1] = 'C:/Program Files/Unity 2021.1.6f1/Editor/Data/MonoBleedingEdge/lib/mono/unityjit'
Mono config path = 'C:/Program Files/Unity 2021.1.6f1/Editor/Data/MonoBleedingEdge/etc'
Using monoOptions --debugger-agent=transport=dt_socket,embedding=1,server=y,suspend=n,address=127.0.0.1:56028
Begin MonoManager ReloadAssembly
Registering precompiled unity dll's ...
Register platform support module: C:/Program Files/Unity 2021.1.6f1/Editor/Data/PlaybackEngines/WindowsStandaloneSupport/UnityEditor.WindowsStandalone.Extensions.dll
Registered in 0.010382 seconds.
Native extension for WindowsStandalone target not found
Refreshing native plugins compatible for Editor in 323.01 ms, found 2 plugins.
Preloading 0 native plugins for Editor in 0.00 ms.
Mono: successfully reloaded assembly
- Completed reload, in  3.413 seconds
Platform modules already initialized, skipping
Registering precompiled user dll's ...
Registered in 0.016542 seconds.
Begin MonoManager ReloadAssembly
Native extension for WindowsStandalone target not found
Refreshing native plugins compatible for Editor in 2.87 ms, found 2 plugins.
Preloading 0 native plugins for Editor in 0.00 ms.
Mono: successfully reloaded assembly
- Completed reload, in  3.949 seconds
Platform modules already initialized, skipping
========================================================================
Worker process is ready to serve import requests
Launched and connected shader compiler UnityShaderCompiler.exe after 0.14 seconds
Refreshing native plugins compatible for Editor in 2.43 ms, found 2 plugins.
Preloading 0 native plugins for Editor in 0.00 ms.
Unloading 3851 Unused Serialized files (Serialized files now loaded: 0)
System memory in use before: 140.9 MB.
System memory in use after: 141.1 MB.

Unloading 27 unused Assets to reduce memory usage. Loaded Objects now: 4301.
Total: 5.034900 ms (FindLiveObjects: 0.438200 ms CreateObjectMapping: 0.360100 ms MarkObjects: 3.702800 ms  DeleteObjects: 0.531500 ms)

========================================================================
Received Import Request.
  path: Assets/Sweet Land GUI/Sprites/Buttons/250px/Button_Circle_Orange_250px.png
  artifactKey: Guid(aa67a1e4a9fbe9e4fb8d6237f7ffd2f1) Importer(815301076,1909f56bfc062723c751e8b465ee728b)
Start importing Assets/Sweet Land GUI/Sprites/Buttons/250px/Button_Circle_Orange_250px.png using Guid(aa67a1e4a9fbe9e4fb8d6237f7ffd2f1) Importer(815301076,1909f56bfc062723c751e8b465ee728b)  -> (artifact id: 'e36a0c7649f6de3167ad3c7c88a660f2') in 0.398705 seconds 
========================================================================
Received Import Request.
  Time since last request: 0.000585 seconds.
  path: Assets/Sweet Land GUI/Sprites/Buttons/250px
  artifactKey: Guid(2b48a4164bc2f954c89cf7856aacdec4) Importer(815301076,1909f56bfc062723c751e8b465ee728b)
Start importing Assets/Sweet Land GUI/Sprites/Buttons/250px using Guid(2b48a4164bc2f954c89cf7856aacdec4) Importer(815301076,1909f56bfc062723c751e8b465ee728b)  -> (artifact id: 'ce2d8b27df603f2ef6bd4da7e1304f6e') in 0.010653 seconds 
========================================================================
Received Import Request.
  Time since last request: 0.000391 seconds.
  path: Assets/Sweet Land GUI/Sprites/Buttons/250px/Button_Honeycomb_Pink_250px.png
  artifactKey: Guid(f143067366c4b42409d7f7a2982c860f) Importer(815301076,1909f56bfc062723c751e8b465ee728b)
Start importing Assets/Sweet Land GUI/Sprites/Buttons/250px/Button_Honeycomb_Pink_250px.png using Guid(f143067366c4b42409d7f7a2982c860f) Importer(815301076,1909f56bfc062723c751e8b465ee728b)  -> (artifact id: 'b926f29ab782d8efccc87c2284d198b4') in 0.199303 seconds 
========================================================================
Received Import Request.
  Time since last request: 0.000418 seconds.
  path: Assets/Sweet Land GUI/Sprites/Buttons/60px/Button_Square_Orange_60px.png
  artifactKey: Guid(061aa5c4cee7ba941bf5eb4fe5e5585c) Importer(815301076,1909f56bfc062723c751e8b465ee728b)
Start importing Assets/Sweet Land GUI/Sprites/Buttons/60px/Button_Square_Orange_60px.png using Guid(061aa5c4cee7ba941bf5eb4fe5e5585c) Importer(815301076,1909f56bfc062723c751e8b465ee728b)  -> (artifact id: '050f6f2a7db816b8eff8308ad576382e') in 0.057658 seconds 
========================================================================
Received Import Request.
  Time since last request: 0.000469 seconds.
  path: Assets/Sweet Land GUI/Sprites/Buttons/250px/Button_Trapezoid_Orange_250px.png
  artifactKey: Guid(27840e12a27be7f45af0685ab0fdc159) Importer(815301076,1909f56bfc062723c751e8b465ee728b)
Start importing Assets/Sweet Land GUI/Sprites/Buttons/250px/Button_Trapezoid_Orange_250px.png using Guid(27840e12a27be7f45af0685ab0fdc159) Importer(815301076,1909f56bfc062723c751e8b465ee728b)  -> (artifact id: '4421613ee6670692235cbe42f086b88d') in 0.077222 seconds 
========================================================================
Received Import Request.
  Time since last request: 0.000397 seconds.
  path: Assets/Sweet Land GUI/Sprites/Buttons
  artifactKey: Guid(1ef59aa4e7d0f5241b058cd8c390e70f) Importer(815301076,1909f56bfc062723c751e8b465ee728b)
Start importing Assets/Sweet Land GUI/Sprites/Buttons using Guid(1ef59aa4e7d0f5241b058cd8c390e70f) Importer(815301076,1909f56bfc062723c751e8b465ee728b)  -> (artifact id: '3ce0bc825b22bb162d387a3c4e58ce1a') in 0.009385 seconds 
========================================================================
Received Import Request.
  Time since last request: 0.000469 seconds.
  path: Assets/Sweet Land GUI/Sprites/Buttons/60px/Button_Honeycomb_Pink_60px.png
  artifactKey: Guid(cd7a9dc9d7231544497df5d010d1547d) Importer(815301076,1909f56bfc062723c751e8b465ee728b)
Start importing Assets/Sweet Land GUI/Sprites/Buttons/60px/Button_Honeycomb_Pink_60px.png using Guid(cd7a9dc9d7231544497df5d010d1547d) Importer(815301076,1909f56bfc062723c751e8b465ee728b)  -> (artifact id: '14810adc8ef3e2a1108226861f4094f5') in 0.090755 seconds 
========================================================================
Received Import Request.
  Time since last request: 0.000436 seconds.
  path: Assets/Sweet Land GUI/Sprites/Buttons/250px/Button_Honeycomb_Red_250px.png
  artifactKey: Guid(596fc1e33e032ce45a091003bf7d6857) Importer(815301076,1909f56bfc062723c751e8b465ee728b)
Start importing Assets/Sweet Land GUI/Sprites/Buttons/250px/Button_Honeycomb_Red_250px.png using Guid(596fc1e33e032ce45a091003bf7d6857) Importer(815301076,1909f56bfc062723c751e8b465ee728b)  -> (artifact id: 'b1970279fff62f001a23bb1d1463cf27') in 0.094821 seconds 
========================================================================
Received Import Request.
  Time since last request: 0.000615 seconds.
  path: Assets/Sweet Land GUI/Sprites/Buttons/60px/Button_Square_Red_60px.png
  artifactKey: Guid(81f78332483665e46bdcd7fc400e750d) Importer(815301076,1909f56bfc062723c751e8b465ee728b)
Start importing Assets/Sweet Land GUI/Sprites/Buttons/60px/Button_Square_Red_60px.png using Guid(81f78332483665e46bdcd7fc400e750d) Importer(815301076,1909f56bfc062723c751e8b465ee728b)  -> (artifact id: '4740f9ab51e478ed7134534a2e3db71c') in 0.079723 seconds 
========================================================================
Received Import Request.
  Time since last request: 0.000470 seconds.
  path: Assets/Sweet Land GUI/Sprites/Buttons/250px/Button_Honeycomb_Yellow_250px.png
  artifactKey: Guid(164b3a5ea59153344915621cf45ba34d) Importer(815301076,1909f56bfc062723c751e8b465ee728b)
Start importing Assets/Sweet Land GUI/Sprites/Buttons/250px/Button_Honeycomb_Yellow_250px.png using Guid(164b3a5ea59153344915621cf45ba34d) Importer(815301076,1909f56bfc062723c751e8b465ee728b)  -> (artifact id: '11ba5d3895746230384890aa69f6855b') in 0.673764 seconds 
========================================================================
Received Import Request.
  Time since last request: 0.000460 seconds.
  path: Assets/Sweet Land GUI/Sprites/Buttons/60px
  artifactKey: Guid(ef18b0c7c894aa642b1de8303275b827) Importer(815301076,1909f56bfc062723c751e8b465ee728b)
Start importing Assets/Sweet Land GUI/Sprites/Buttons/60px using Guid(ef18b0c7c894aa642b1de8303275b827) Importer(815301076,1909f56bfc062723c751e8b465ee728b)  -> (artifact id: 'd77fb0c1e5e5b05c20980d1bc41dbbd0') in 0.016699 seconds 
========================================================================
Received Import Request.
  Time since last request: 0.000632 seconds.
  path: Assets/Sweet Land GUI/Animations
  artifactKey: Guid(ec6fb48133957864bbce2f966ba5532b) Importer(815301076,1909f56bfc062723c751e8b465ee728b)
Start importing Assets/Sweet Land GUI/Animations using Guid(ec6fb48133957864bbce2f966ba5532b) Importer(815301076,1909f56bfc062723c751e8b465ee728b)  -> (artifact id: 'bc09c178501ad29219e5e6bf2b12c220') in 0.004910 seconds 
========================================================================
Received Import Request.
  Time since last request: 0.000392 seconds.
  path: Assets/Sweet Land GUI/Prefabs/Prize_Window.prefab
  artifactKey: Guid(2de6adfc5be43444bb76afa224daee78) Importer(815301076,1909f56bfc062723c751e8b465ee728b)
Start importing Assets/Sweet Land GUI/Prefabs/Prize_Window.prefab using Guid(2de6adfc5be43444bb76afa224daee78) Importer(815301076,1909f56bfc062723c751e8b465ee728b)  -> (artifact id: 'ffaa34e1b729543eb3c117fc67615e33') in 0.472390 seconds 
========================================================================
Received Import Request.
  Time since last request: 0.000392 seconds.
  path: Assets/Sweet Land GUI/Sprites/Buttons/250px/Button_Trapezoid_White_250px.png
  artifactKey: Guid(5c4bdad1bb7469f4ab2dd383979f903e) Importer(815301076,1909f56bfc062723c751e8b465ee728b)
Start importing Assets/Sweet Land GUI/Sprites/Buttons/250px/Button_Trapezoid_White_250px.png using Guid(5c4bdad1bb7469f4ab2dd383979f903e) Importer(815301076,1909f56bfc062723c751e8b465ee728b)  -> (artifact id: '7eb6d485b0b3482393f9bdf6e9b55a65') in 0.060003 seconds 
========================================================================
Received Import Request.
  Time since last request: 0.000491 seconds.
  path: Assets/Sweet Land GUI/Sprites/Buttons/60px/Button_Honeycomb_White_60px.png
  artifactKey: Guid(bac6fa65f85b2844c9968659c8773cb5) Importer(815301076,1909f56bfc062723c751e8b465ee728b)
Start importing Assets/Sweet Land GUI/Sprites/Buttons/60px/Button_Honeycomb_White_60px.png using Guid(bac6fa65f85b2844c9968659c8773cb5) Importer(815301076,1909f56bfc062723c751e8b465ee728b)  -> (artifact id: 'a6e3b1ac4fd01ce1c6e84a506e647906') in 0.237800 seconds 
========================================================================
Received Import Request.
  Time since last request: 0.001713 seconds.
  path: Assets/Sweet Land GUI/Scenes
  artifactKey: Guid(8a7c6d6661b97bb4098161eac23ca40f) Importer(815301076,1909f56bfc062723c751e8b465ee728b)
Start importing Assets/Sweet Land GUI/Scenes using Guid(8a7c6d6661b97bb4098161eac23ca40f) Importer(815301076,1909f56bfc062723c751e8b465ee728b)  -> (artifact id: '70140e1bb5c7f43a498ffc9f481cd7a5') in 0.006477 seconds 
========================================================================
Received Import Request.
  Time since last request: 0.000485 seconds.
  path: Assets/Sweet Land GUI/Sprites/Buttons/250px/Button_Circle_Red_250px.png
  artifactKey: Guid(ced095dc6f3a8d4428598f5b681d3edb) Importer(815301076,1909f56bfc062723c751e8b465ee728b)
Start importing Assets/Sweet Land GUI/Sprites/Buttons/250px/Button_Circle_Red_250px.png using Guid(ced095dc6f3a8d4428598f5b681d3edb) Importer(815301076,1909f56bfc062723c751e8b465ee728b)  -> (artifact id: '66544a17d24e7e399a0be5accab81c96') in 0.065810 seconds 
========================================================================
Received Import Request.
  Time since last request: 0.000495 seconds.
  path: Assets/Sweet Land GUI/Sprites/Buttons/250px/Button_Trapezoid_Red_250px.png
  artifactKey: Guid(bbba025baa54caf4093b077c5c3e8762) Importer(815301076,1909f56bfc062723c751e8b465ee728b)
Start importing Assets/Sweet Land GUI/Sprites/Buttons/250px/Button_Trapezoid_Red_250px.png using Guid(bbba025baa54caf4093b077c5c3e8762) Importer(815301076,1909f56bfc062723c751e8b465ee728b)  -> (artifact id: 'def31a3d257bc96d57e6c4982eda61ea') in 0.431482 seconds 
========================================================================
Received Import Request.
  Time since last request: 0.000499 seconds.
  path: Assets/Sweet Land GUI/Sprites/Buttons/250px/Button_Circle_Yellow_250px.png
  artifactKey: Guid(1987ed91fa70e9546b25c7ea53e82e7c) Importer(815301076,1909f56bfc062723c751e8b465ee728b)
Start importing Assets/Sweet Land GUI/Sprites/Buttons/250px/Button_Circle_Yellow_250px.png using Guid(1987ed91fa70e9546b25c7ea53e82e7c) Importer(815301076,1909f56bfc062723c751e8b465ee728b)  -> (artifact id: '5df88d9e9ff004419f0f5992f7b73a7a') in 0.134364 seconds 
========================================================================
Received Import Request.
  Time since last request: 0.000754 seconds.
  path: Assets/Sweet Land GUI/Sprites/Buttons/250px/Button_Square_Pink_250px.png
  artifactKey: Guid(20ae63630a343e140bb218808370bcda) Importer(815301076,1909f56bfc062723c751e8b465ee728b)
Start importing Assets/Sweet Land GUI/Sprites/Buttons/250px/Button_Square_Pink_250px.png using Guid(20ae63630a343e140bb218808370bcda) Importer(815301076,1909f56bfc062723c751e8b465ee728b)  -> (artifact id: 'eda56ed3fe4a943b807fdcefa65fb0eb') in 0.104790 seconds 
========================================================================
Received Import Request.
  Time since last request: 0.000983 seconds.
  path: Assets/Sweet Land GUI/Sprites/Buttons/60px/Button_Circle_Red_60px.png
  artifactKey: Guid(531e18c8bcd894f48b18249defc8dfa4) Importer(815301076,1909f56bfc062723c751e8b465ee728b)
Start importing Assets/Sweet Land GUI/Sprites/Buttons/60px/Button_Circle_Red_60px.png using Guid(531e18c8bcd894f48b18249defc8dfa4) Importer(815301076,1909f56bfc062723c751e8b465ee728b)  -> (artifact id: 'b373dcf7aab66ab9a7bbfcf182fb71b7') in 0.086313 seconds 
========================================================================
Received Import Request.
  Time since last request: 0.000445 seconds.
  path: Assets/Sweet Land GUI/Sprites/Buttons/60px/Button_Circle_White_60px.png
  artifactKey: Guid(468940470262cb842a4da2c15098b6a6) Importer(815301076,1909f56bfc062723c751e8b465ee728b)
Start importing Assets/Sweet Land GUI/Sprites/Buttons/60px/Button_Circle_White_60px.png using Guid(468940470262cb842a4da2c15098b6a6) Importer(815301076,1909f56bfc062723c751e8b465ee728b)  -> (artifact id: 'fe00354de17a4a281f9158eabe7d15e7') in 1.262457 seconds 
========================================================================
Received Import Request.
  Time since last request: 0.000792 seconds.
  path: Assets/Sweet Land GUI/Sprites/Buttons/60px/Button_Square_Pink_60px.png
  artifactKey: Guid(7d48f94d40492e942a6fa84194512253) Importer(815301076,1909f56bfc062723c751e8b465ee728b)
Start importing Assets/Sweet Land GUI/Sprites/Buttons/60px/Button_Square_Pink_60px.png using Guid(7d48f94d40492e942a6fa84194512253) Importer(815301076,1909f56bfc062723c751e8b465ee728b)  -> (artifact id: 'f3174a04e1553c72bb66199e71396b72') in 0.904666 seconds 
========================================================================
Received Import Request.
  Time since last request: 0.000445 seconds.
  path: Assets/Sweet Land GUI
  artifactKey: Guid(11691e10188cdc9429f7ab410453d9ec) Importer(815301076,1909f56bfc062723c751e8b465ee728b)
Start importing Assets/Sweet Land GUI using Guid(11691e10188cdc9429f7ab410453d9ec) Importer(815301076,1909f56bfc062723c751e8b465ee728b)  -> (artifact id: '5f99c970294c32aaf152179d1c18d179') in 0.006805 seconds 
========================================================================
Received Import Request.
  Time since last request: 0.000459 seconds.
  path: Assets/Sweet Land GUI/Sprites/Buttons/60px/Button_Honeycomb_Orange_60px.png
  artifactKey: Guid(3175c48579a9eda4a92c1c7320bf7d34) Importer(815301076,1909f56bfc062723c751e8b465ee728b)
Start importing Assets/Sweet Land GUI/Sprites/Buttons/60px/Button_Honeycomb_Orange_60px.png using Guid(3175c48579a9eda4a92c1c7320bf7d34) Importer(815301076,1909f56bfc062723c751e8b465ee728b)  -> (artifact id: 'ab7b430aa0d9806873e795bd10eb2ab3') in 0.577271 seconds 
========================================================================
Received Import Request.
  Time since last request: 0.000498 seconds.
  path: Assets/Sweet Land GUI/Prefabs/Button_Restart Variant.prefab
  artifactKey: Guid(3961448ce6b4e43479aa4862922180cd) Importer(815301076,1909f56bfc062723c751e8b465ee728b)
Start importing Assets/Sweet Land GUI/Prefabs/Button_Restart Variant.prefab using Guid(3961448ce6b4e43479aa4862922180cd) Importer(815301076,1909f56bfc062723c751e8b465ee728b)  -> (artifact id: 'c546edfa3a5f10b2403694fdb22a8967') in 0.216829 seconds 
========================================================================
Received Import Request.
  Time since last request: 0.000720 seconds.
  path: Assets/Sweet Land GUI/Prefabs
  artifactKey: Guid(963a1e8f09477bb44a14bdb409a6f078) Importer(815301076,1909f56bfc062723c751e8b465ee728b)
Start importing Assets/Sweet Land GUI/Prefabs using Guid(963a1e8f09477bb44a14bdb409a6f078) Importer(815301076,1909f56bfc062723c751e8b465ee728b)  -> (artifact id: 'a0ced05192ce52fe3e448dc7e548e493') in 0.443553 seconds 
========================================================================
Received Import Request.
  Time since last request: 0.000433 seconds.
  path: Assets/Sweet Land GUI/Prefabs/Power_Button_Cookie.prefab
  artifactKey: Guid(dceee1964c43f2847b38a8b91650dc76) Importer(815301076,1909f56bfc062723c751e8b465ee728b)
Start importing Assets/Sweet Land GUI/Prefabs/Power_Button_Cookie.prefab using Guid(dceee1964c43f2847b38a8b91650dc76) Importer(815301076,1909f56bfc062723c751e8b465ee728b)  -> (artifact id: 'fd4d0a381b22b8979b8d5d2dc0c64bcb') in 0.151602 seconds 
========================================================================
Received Import Request.
  Time since last request: 0.000497 seconds.
  path: Assets/Sweet Land GUI/Sprites/Buttons/60px/Button_Honeycomb_Yellow_60px.png
  artifactKey: Guid(168074f6f48c3464ca1b336933c04bd8) Importer(815301076,1909f56bfc062723c751e8b465ee728b)
Start importing Assets/Sweet Land GUI/Sprites/Buttons/60px/Button_Honeycomb_Yellow_60px.png using Guid(168074f6f48c3464ca1b336933c04bd8) Importer(815301076,1909f56bfc062723c751e8b465ee728b)  -> (artifact id: 'ec5b536d8420d226276083ff08ad9c06') in 0.082859 seconds 
========================================================================
Received Import Request.
  Time since last request: 0.000478 seconds.
  path: Assets/Sweet Land GUI/Prefabs/Button_Music_On Variant.prefab
  artifactKey: Guid(998363392bda22042b2230444d6c3352) Importer(815301076,1909f56bfc062723c751e8b465ee728b)
Start importing Assets/Sweet Land GUI/Prefabs/Button_Music_On Variant.prefab using Guid(998363392bda22042b2230444d6c3352) Importer(815301076,1909f56bfc062723c751e8b465ee728b)  -> (artifact id: 'bceb66d5d84155659a56bd02cd15b20b') in 0.125686 seconds 
========================================================================
Received Import Request.
  Time since last request: 0.000391 seconds.
  path: Assets/Sweet Land GUI/Prefabs/Button_Music_On.prefab
  artifactKey: Guid(6224e969c01b3524386fe2011ba9ecd9) Importer(815301076,1909f56bfc062723c751e8b465ee728b)
Start importing Assets/Sweet Land GUI/Prefabs/Button_Music_On.prefab using Guid(6224e969c01b3524386fe2011ba9ecd9) Importer(815301076,1909f56bfc062723c751e8b465ee728b)  -> (artifact id: 'fd375e666d5f2174b8b7afa1048a7daf') in 0.011159 seconds 
========================================================================
Received Import Request.
  Time since last request: 0.000389 seconds.
  path: Assets/Sweet Land GUI/Prefabs/Toggle.prefab
  artifactKey: Guid(f30a76e5bb728d749917c7fdc9696885) Importer(815301076,1909f56bfc062723c751e8b465ee728b)
Start importing Assets/Sweet Land GUI/Prefabs/Toggle.prefab using Guid(f30a76e5bb728d749917c7fdc9696885) Importer(815301076,1909f56bfc062723c751e8b465ee728b)  -> (artifact id: '539d02b276ccceed10bd3a1918407365') in 0.100873 seconds 
========================================================================
Received Import Request.
  Time since last request: 0.000643 seconds.
  path: Assets/Sweet Land GUI/Sprites/Buttons/250px/Button_Trapezoid_Yellow_250px.png
  artifactKey: Guid(b12f1bf16e9f3614d899bda71c1acf77) Importer(815301076,1909f56bfc062723c751e8b465ee728b)
Start importing Assets/Sweet Land GUI/Sprites/Buttons/250px/Button_Trapezoid_Yellow_250px.png using Guid(b12f1bf16e9f3614d899bda71c1acf77) Importer(815301076,1909f56bfc062723c751e8b465ee728b)  -> (artifact id: 'ad1fdff86a824dba3d47956251d9a3d3') in 0.190807 seconds 
========================================================================
Received Import Request.
  Time since last request: 0.000402 seconds.
  path: Assets/Sweet Land GUI/Sprites/Buttons/60px/Button_Square_White_60px.png
  artifactKey: Guid(295bcb185c74d494ab0462b7b7402f60) Importer(815301076,1909f56bfc062723c751e8b465ee728b)
Start importing Assets/Sweet Land GUI/Sprites/Buttons/60px/Button_Square_White_60px.png using Guid(295bcb185c74d494ab0462b7b7402f60) Importer(815301076,1909f56bfc062723c751e8b465ee728b)  -> (artifact id: 'ce9013bade1d7b1507bc807582e55a7e') in 0.118449 seconds 
========================================================================
Received Import Request.
  Time since last request: 0.000160 seconds.
  path: Assets/Sweet Land GUI/Sprites/Buttons/250px/Button_Circle_Pink_250px.png
  artifactKey: Guid(45fe05bcf3cbbcf44becfa76de67e94b) Importer(815301076,1909f56bfc062723c751e8b465ee728b)
Start importing Assets/Sweet Land GUI/Sprites/Buttons/250px/Button_Circle_Pink_250px.png using Guid(45fe05bcf3cbbcf44becfa76de67e94b) Importer(815301076,1909f56bfc062723c751e8b465ee728b)  -> (artifact id: '8b25514b52ef64059c32388beb5cfdff') in 0.131889 seconds 
========================================================================
Received Import Request.
  Time since last request: 0.000429 seconds.
  path: Assets/Sweet Land GUI/Sprites/Buttons/60px/Button_Trapezoid_White_60px.png
  artifactKey: Guid(db3dfc7c66d6fda41830532f30dfa5a0) Importer(815301076,1909f56bfc062723c751e8b465ee728b)
Start importing Assets/Sweet Land GUI/Sprites/Buttons/60px/Button_Trapezoid_White_60px.png using Guid(db3dfc7c66d6fda41830532f30dfa5a0) Importer(815301076,1909f56bfc062723c751e8b465ee728b)  -> (artifact id: 'd94ea5439f168857f8d9b13b5e9f364d') in 0.070508 seconds 
========================================================================
Received Import Request.
  Time since last request: 0.000429 seconds.
  path: Assets/Sweet Land GUI/Prefabs/Joystick_Walk_Jelly.prefab
  artifactKey: Guid(ce2891fe58e6b9c4ea83f486c3e302d5) Importer(815301076,1909f56bfc062723c751e8b465ee728b)
Start importing Assets/Sweet Land GUI/Prefabs/Joystick_Walk_Jelly.prefab using Guid(ce2891fe58e6b9c4ea83f486c3e302d5) Importer(815301076,1909f56bfc062723c751e8b465ee728b)  -> (artifact id: 'e666c14bbea7a236d21c1629b7e309a1') in 0.201736 seconds 
========================================================================
Received Import Request.
  Time since last request: 0.000510 seconds.
  path: Assets/Sweet Land GUI/Sprites/Buttons/60px/Button_Trapezoid_Red_60px.png
  artifactKey: Guid(d5193c595344ab2429d7d4f47f5b9263) Importer(815301076,1909f56bfc062723c751e8b465ee728b)
Start importing Assets/Sweet Land GUI/Sprites/Buttons/60px/Button_Trapezoid_Red_60px.png using Guid(d5193c595344ab2429d7d4f47f5b9263) Importer(815301076,1909f56bfc062723c751e8b465ee728b)  -> (artifact id: '22533ba8ef34d00f9c30fc208fd7fb55') in 0.073803 seconds 
========================================================================
Received Import Request.
  Time since last request: 0.000387 seconds.
  path: Assets/Sweet Land GUI/Prefabs/Joystick_Walk_Cookie.prefab
  artifactKey: Guid(08aa126ae8b901a47895a135ae4f10a5) Importer(815301076,1909f56bfc062723c751e8b465ee728b)
Start importing Assets/Sweet Land GUI/Prefabs/Joystick_Walk_Cookie.prefab using Guid(08aa126ae8b901a47895a135ae4f10a5) Importer(815301076,1909f56bfc062723c751e8b465ee728b)  -> (artifact id: 'e7b318b4463e56ba31b80d38cfb9aff6') in 0.066270 seconds 
========================================================================
Received Import Request.
  Time since last request: 0.000475 seconds.
  path: Assets/Sweet Land GUI/Sprites
  artifactKey: Guid(7834960c49bddc7488e2b7ae0b50c170) Importer(815301076,1909f56bfc062723c751e8b465ee728b)
Start importing Assets/Sweet Land GUI/Sprites using Guid(7834960c49bddc7488e2b7ae0b50c170) Importer(815301076,1909f56bfc062723c751e8b465ee728b)  -> (artifact id: '20291643d5ceac07d1a519c1ef31bb12') in 0.008993 seconds 
========================================================================
Received Import Request.
  Time since last request: 0.000564 seconds.
  path: Assets/Sweet Land GUI/Sprites/Buttons/250px/Button_Square_Red_250px.png
  artifactKey: Guid(823f604ed7828444789ba54e0a454587) Importer(815301076,1909f56bfc062723c751e8b465ee728b)
Start importing Assets/Sweet Land GUI/Sprites/Buttons/250px/Button_Square_Red_250px.png using Guid(823f604ed7828444789ba54e0a454587) Importer(815301076,1909f56bfc062723c751e8b465ee728b)  -> (artifact id: 'c7f57b75cf480c74a039b6b901051de0') in 0.096806 seconds 
========================================================================
Received Import Request.
  Time since last request: 0.000547 seconds.
  path: Assets/Sweet Land GUI/Prefabs/Button_Shop Variant.prefab
  artifactKey: Guid(d6be6e19f7ed0d44184b2f108d183ef4) Importer(815301076,1909f56bfc062723c751e8b465ee728b)
Start importing Assets/Sweet Land GUI/Prefabs/Button_Shop Variant.prefab using Guid(d6be6e19f7ed0d44184b2f108d183ef4) Importer(815301076,1909f56bfc062723c751e8b465ee728b)  -> (artifact id: 'dd7b1090dd104f8491007bb83eb11af7') in 0.056932 seconds 
========================================================================
Received Import Request.
  Time since last request: 0.000459 seconds.
  path: Assets/Sweet Land GUI/Sprites/Buttons/60px/Button_Circle_Pink_60px.png
  artifactKey: Guid(2317820899dd90b41adae1778d4aa5cb) Importer(815301076,1909f56bfc062723c751e8b465ee728b)
Start importing Assets/Sweet Land GUI/Sprites/Buttons/60px/Button_Circle_Pink_60px.png using Guid(2317820899dd90b41adae1778d4aa5cb) Importer(815301076,1909f56bfc062723c751e8b465ee728b)  -> (artifact id: '6bf16012d1c5aaba1da0648fa63ee82c') in 0.079626 seconds 
========================================================================
Received Import Request.
  Time since last request: 0.010323 seconds.
  path: Assets/Sweet Land GUI/Sprites/Buttons/60px/Button_Circle_Yellow_60px.png
  artifactKey: Guid(fb1f60dcf07e0e845b2dd617b3b691da) Importer(815301076,1909f56bfc062723c751e8b465ee728b)
Start importing Assets/Sweet Land GUI/Sprites/Buttons/60px/Button_Circle_Yellow_60px.png using Guid(fb1f60dcf07e0e845b2dd617b3b691da) Importer(815301076,1909f56bfc062723c751e8b465ee728b)  -> (artifact id: '019da32388d25a902ec3f1fe92fabef4') in 0.082025 seconds 
========================================================================
Received Import Request.
  Time since last request: 0.000572 seconds.
  path: Assets/Sweet Land GUI/Sprites/Buttons/250px/Button_Circle_White_250px.png
  artifactKey: Guid(f391ac654d0c46544b5d00eecad81669) Importer(815301076,1909f56bfc062723c751e8b465ee728b)
Start importing Assets/Sweet Land GUI/Sprites/Buttons/250px/Button_Circle_White_250px.png using Guid(f391ac654d0c46544b5d00eecad81669) Importer(815301076,1909f56bfc062723c751e8b465ee728b)  -> (artifact id: 'f3308162bea9e2abccc875192fdb24b0') in 0.097654 seconds 
========================================================================
Received Import Request.
  Time since last request: 0.000382 seconds.
  path: Assets/Sweet Land GUI/Sprites/Buttons/60px/Button_Square_Yellow_60px.png
  artifactKey: Guid(8881fd462b1792849b42382c7f68697f) Importer(815301076,1909f56bfc062723c751e8b465ee728b)
Start importing Assets/Sweet Land GUI/Sprites/Buttons/60px/Button_Square_Yellow_60px.png using Guid(8881fd462b1792849b42382c7f68697f) Importer(815301076,1909f56bfc062723c751e8b465ee728b)  -> (artifact id: '14f8e6f8b0588106b5f643e342b68211') in 0.101662 seconds 
========================================================================
Received Import Request.
  Time since last request: 0.000373 seconds.
  path: Assets/Sweet Land GUI/Prefabs/Button_Pause.prefab
  artifactKey: Guid(1dbd35d4719e0b24aadd3d891ff35bfc) Importer(815301076,1909f56bfc062723c751e8b465ee728b)
Start importing Assets/Sweet Land GUI/Prefabs/Button_Pause.prefab using Guid(1dbd35d4719e0b24aadd3d891ff35bfc) Importer(815301076,1909f56bfc062723c751e8b465ee728b)  -> (artifact id: 'bdedf9bb99cb7349033f9f2663f6a9b8') in 0.118606 seconds 
========================================================================
Received Import Request.
  Time since last request: 0.000436 seconds.
  path: Assets/Sweet Land GUI/Sprites/Buttons/60px/Button_Trapezoid_Pink_60px.png
  artifactKey: Guid(0b579d927209cee45b5bfd42c4cb9bcd) Importer(815301076,1909f56bfc062723c751e8b465ee728b)
Start importing Assets/Sweet Land GUI/Sprites/Buttons/60px/Button_Trapezoid_Pink_60px.png using Guid(0b579d927209cee45b5bfd42c4cb9bcd) Importer(815301076,1909f56bfc062723c751e8b465ee728b)  -> (artifact id: '2e8b0245d00e700327f439926eda24fa') in 1.305963 seconds 
========================================================================
Received Import Request.
  Time since last request: 0.000548 seconds.
  path: Assets/Sweet Land GUI/Sprites/Buttons/250px/Button_Trapezoid_Pink_250px.png
  artifactKey: Guid(d44d6086979207d43bca01a360b7e230) Importer(815301076,1909f56bfc062723c751e8b465ee728b)
Start importing Assets/Sweet Land GUI/Sprites/Buttons/250px/Button_Trapezoid_Pink_250px.png using Guid(d44d6086979207d43bca01a360b7e230) Importer(815301076,1909f56bfc062723c751e8b465ee728b)  -> (artifact id: 'f5d71d6385fb3fa0988c2537c78bbadd') in 0.159997 seconds 
========================================================================
Received Import Request.
  Time since last request: 0.000566 seconds.
  path: Assets/Sweet Land GUI/Sprites/Buttons/60px/Button_Trapezoid_Yellow_60px.png
  artifactKey: Guid(7d57ce6d0d7148841bee1204ef187ff6) Importer(815301076,1909f56bfc062723c751e8b465ee728b)
Start importing Assets/Sweet Land GUI/Sprites/Buttons/60px/Button_Trapezoid_Yellow_60px.png using Guid(7d57ce6d0d7148841bee1204ef187ff6) Importer(815301076,1909f56bfc062723c751e8b465ee728b)  -> (artifact id: '025e28d6db0583b7b30c9bde713896d6') in 0.758585 seconds 
========================================================================
Received Import Request.
  Time since last request: 0.001533 seconds.
  path: Assets/Sweet Land GUI/Prefabs/Button_Exit Variant.prefab
  artifactKey: Guid(74ba689a879ace048a2e4a9279e977cd) Importer(815301076,1909f56bfc062723c751e8b465ee728b)
Start importing Assets/Sweet Land GUI/Prefabs/Button_Exit Variant.prefab using Guid(74ba689a879ace048a2e4a9279e977cd) Importer(815301076,1909f56bfc062723c751e8b465ee728b)  -> (artifact id: 'fa5ef454b181a8834bd29f854e03777b') in 0.297489 seconds 
========================================================================
Received Import Request.
  Time since last request: 0.000495 seconds.
  path: Assets/Sweet Land GUI/Prefabs/Button_Restart.prefab
  artifactKey: Guid(59f1ce32ecdd8c649bf59285efe7e527) Importer(815301076,1909f56bfc062723c751e8b465ee728b)
Start importing Assets/Sweet Land GUI/Prefabs/Button_Restart.prefab using Guid(59f1ce32ecdd8c649bf59285efe7e527) Importer(815301076,1909f56bfc062723c751e8b465ee728b)  -> (artifact id: '05502803707eebb8ad34de24afd34147') in 0.030865 seconds 
========================================================================
Received Import Request.
  Time since last request: 0.000445 seconds.
  path: Assets/Sweet Land GUI/Prefabs/Loading_Ad_Fail.prefab
  artifactKey: Guid(51a80e8cf7a986448911cf42d67ff07f) Importer(815301076,1909f56bfc062723c751e8b465ee728b)
Start importing Assets/Sweet Land GUI/Prefabs/Loading_Ad_Fail.prefab using Guid(51a80e8cf7a986448911cf42d67ff07f) Importer(815301076,1909f56bfc062723c751e8b465ee728b)  -> (artifact id: '242630177de03487feb65ebea96e9e02') in 0.334889 seconds 
========================================================================
Received Import Request.
  Time since last request: 0.000414 seconds.
  path: Assets/Sweet Land GUI/Sprites/Buttons/60px/Button_Honeycomb_Red_60px.png
  artifactKey: Guid(4a9e1b8f5ca770b4da9e597e5b8e15eb) Importer(815301076,1909f56bfc062723c751e8b465ee728b)
Start importing Assets/Sweet Land GUI/Sprites/Buttons/60px/Button_Honeycomb_Red_60px.png using Guid(4a9e1b8f5ca770b4da9e597e5b8e15eb) Importer(815301076,1909f56bfc062723c751e8b465ee728b)  -> (artifact id: 'c74695058dfee24a31f4c59a0512088a') in 0.096038 seconds 
========================================================================
Received Import Request.
  Time since last request: 0.002736 seconds.
  path: Assets/Sweet Land GUI/Prefabs/Button_Music_Off.prefab
  artifactKey: Guid(a524d15ed3051e74885f282a1b10845c) Importer(815301076,1909f56bfc062723c751e8b465ee728b)
Start importing Assets/Sweet Land GUI/Prefabs/Button_Music_Off.prefab using Guid(a524d15ed3051e74885f282a1b10845c) Importer(815301076,1909f56bfc062723c751e8b465ee728b)  -> (artifact id: '57fb48349ca0e5903f181f37d88aea61') in 0.100895 seconds 
========================================================================
Received Import Request.
  Time since last request: 0.000428 seconds.
  path: Assets/Sweet Land GUI/Sprites/Buttons/250px/Button_Honeycomb_Orange_250px.png
  artifactKey: Guid(6eeeb501250deb4499a3609c22c5b496) Importer(815301076,1909f56bfc062723c751e8b465ee728b)
Start importing Assets/Sweet Land GUI/Sprites/Buttons/250px/Button_Honeycomb_Orange_250px.png using Guid(6eeeb501250deb4499a3609c22c5b496) Importer(815301076,1909f56bfc062723c751e8b465ee728b)  -> (artifact id: '9fa481b21d1951aafa1c73ef5f7ae1ac') in 0.105118 seconds 
========================================================================
Received Import Request.
  Time since last request: 0.000431 seconds.
  path: Assets/Sweet Land GUI/Sprites/Buttons/60px/Button_Circle_Orange_60px.png
  artifactKey: Guid(d562cc650fd3d504fb68a20cebaeea1d) Importer(815301076,1909f56bfc062723c751e8b465ee728b)
Start importing Assets/Sweet Land GUI/Sprites/Buttons/60px/Button_Circle_Orange_60px.png using Guid(d562cc650fd3d504fb68a20cebaeea1d) Importer(815301076,1909f56bfc062723c751e8b465ee728b)  -> (artifact id: 'b603c1af5c28a1e6e7a1e3ca87626584') in 0.127807 seconds 
========================================================================
Received Import Request.
  Time since last request: 0.000432 seconds.
  path: Assets/Sweet Land GUI/Prefabs/Add_Video_Button.prefab
  artifactKey: Guid(a2a5e04f4b767304ab223ea716cb9631) Importer(815301076,1909f56bfc062723c751e8b465ee728b)
Start importing Assets/Sweet Land GUI/Prefabs/Add_Video_Button.prefab using Guid(a2a5e04f4b767304ab223ea716cb9631) Importer(815301076,1909f56bfc062723c751e8b465ee728b)  -> (artifact id: 'a742505b647abef613da2b9327192603') in 0.129351 seconds 
========================================================================
Received Import Request.
  Time since last request: 0.011902 seconds.
  path: Assets/Sweet Land GUI/Prefabs/Joystick_Fire_Cookie.prefab
  artifactKey: Guid(308fa906fade03142a5036595b6993b9) Importer(815301076,1909f56bfc062723c751e8b465ee728b)
Start importing Assets/Sweet Land GUI/Prefabs/Joystick_Fire_Cookie.prefab using Guid(308fa906fade03142a5036595b6993b9) Importer(815301076,1909f56bfc062723c751e8b465ee728b)  -> (artifact id: '16edaaa90547346abbb818e7933373e5') in 0.054811 seconds 
========================================================================
Received Import Request.
  Time since last request: 0.008516 seconds.
  path: Assets/Sweet Land GUI/Sprites/Buttons/250px/Button_Honeycomb_White_250px.png
  artifactKey: Guid(b004df1f2914877478241552257719a5) Importer(815301076,1909f56bfc062723c751e8b465ee728b)
Start importing Assets/Sweet Land GUI/Sprites/Buttons/250px/Button_Honeycomb_White_250px.png using Guid(b004df1f2914877478241552257719a5) Importer(815301076,1909f56bfc062723c751e8b465ee728b)  -> (artifact id: '6bc6667402bfcddea8e1b8c2a8b8dc49') in 0.131364 seconds 
========================================================================
Received Import Request.
  Time since last request: 0.001766 seconds.
  path: Assets/Sweet Land GUI/Prefabs/Button_Shop.prefab
  artifactKey: Guid(254352ac83cce7844912efbd61e47ccc) Importer(815301076,1909f56bfc062723c751e8b465ee728b)
Start importing Assets/Sweet Land GUI/Prefabs/Button_Shop.prefab using Guid(254352ac83cce7844912efbd61e47ccc) Importer(815301076,1909f56bfc062723c751e8b465ee728b)  -> (artifact id: '14cf5865a29eb9170de3a8dc39417e64') in 0.113268 seconds 
========================================================================
Received Import Request.
  Time since last request: 0.000440 seconds.
  path: Assets/Sweet Land GUI/Prefabs/Joystick_Fire_Jelly.prefab
  artifactKey: Guid(92fadbd01739ba34585da676e798fa74) Importer(815301076,1909f56bfc062723c751e8b465ee728b)
Start importing Assets/Sweet Land GUI/Prefabs/Joystick_Fire_Jelly.prefab using Guid(92fadbd01739ba34585da676e798fa74) Importer(815301076,1909f56bfc062723c751e8b465ee728b)  -> (artifact id: '76e751e355005f76ff4b9fc71ed23f4c') in 0.136580 seconds 
========================================================================
Received Import Request.
  Time since last request: 0.000677 seconds.
  path: Assets/Sweet Land GUI/Prefabs/Button_Exit.prefab
  artifactKey: Guid(e00dd58c7555779478d619f5ee7fbc42) Importer(815301076,1909f56bfc062723c751e8b465ee728b)
Start importing Assets/Sweet Land GUI/Prefabs/Button_Exit.prefab using Guid(e00dd58c7555779478d619f5ee7fbc42) Importer(815301076,1909f56bfc062723c751e8b465ee728b)  -> (artifact id: '9601b099f166ee98fc9acc3af3a72c40') in 0.015359 seconds 
========================================================================
Received Import Request.
  Time since last request: 0.002350 seconds.
  path: Assets/Sweet Land GUI/Prefabs/Power_Button_Jelly.prefab
  artifactKey: Guid(677dd0719574c1842a15b9e3c6fabdb4) Importer(815301076,1909f56bfc062723c751e8b465ee728b)
Start importing Assets/Sweet Land GUI/Prefabs/Power_Button_Jelly.prefab using Guid(677dd0719574c1842a15b9e3c6fabdb4) Importer(815301076,1909f56bfc062723c751e8b465ee728b)  -> (artifact id: '8eec67918e5de23facbe756d92455f7d') in 0.070791 seconds 
========================================================================
Received Import Request.
  Time since last request: 0.000437 seconds.
  path: Assets/Sweet Land GUI/Prefabs/Loading_Ad.prefab
  artifactKey: Guid(a322db60be7bccd46bb618ba881bfa6b) Importer(815301076,1909f56bfc062723c751e8b465ee728b)
Start importing Assets/Sweet Land GUI/Prefabs/Loading_Ad.prefab using Guid(a322db60be7bccd46bb618ba881bfa6b) Importer(815301076,1909f56bfc062723c751e8b465ee728b)  -> (artifact id: 'c17ca2d210ea956ee7344071611a23a0') in 0.067390 seconds 
========================================================================
Received Import Request.
  Time since last request: 0.000449 seconds.
  path: Assets/Sweet Land GUI/Sprites/Buttons/60px/Button_Trapezoid_Orange_60px.png
  artifactKey: Guid(ca44b60a08e2772479fe2fdd1dddd46d) Importer(815301076,1909f56bfc062723c751e8b465ee728b)
Start importing Assets/Sweet Land GUI/Sprites/Buttons/60px/Button_Trapezoid_Orange_60px.png using Guid(ca44b60a08e2772479fe2fdd1dddd46d) Importer(815301076,1909f56bfc062723c751e8b465ee728b)  -> (artifact id: '66f7a713c456f0b43f4176ca7ee3997d') in 0.112049 seconds 
========================================================================
Received Import Request.
  Time since last request: 0.000434 seconds.
  path: Assets/Sweet Land GUI/Sprites/Buttons/250px/Button_Square_White_250px.png
  artifactKey: Guid(b60d54988a19f42429620bd8abcb3b11) Importer(815301076,1909f56bfc062723c751e8b465ee728b)
Start importing Assets/Sweet Land GUI/Sprites/Buttons/250px/Button_Square_White_250px.png using Guid(b60d54988a19f42429620bd8abcb3b11) Importer(815301076,1909f56bfc062723c751e8b465ee728b)  -> (artifact id: '0b4b8e1d28dd6377eac6826354b5e820') in 0.363067 seconds 
========================================================================
Received Import Request.
  Time since last request: 0.001219 seconds.
  path: Assets/Sweet Land GUI/Sprites/Buttons/250px/Button_Square_Orange_250px.png
  artifactKey: Guid(1f07d727fcb40f347b8bb272ecfe734a) Importer(815301076,1909f56bfc062723c751e8b465ee728b)
Start importing Assets/Sweet Land GUI/Sprites/Buttons/250px/Button_Square_Orange_250px.png using Guid(1f07d727fcb40f347b8bb272ecfe734a) Importer(815301076,1909f56bfc062723c751e8b465ee728b)  -> (artifact id: 'b9185ce04bdb3a32e4c68999c6bf46ae') in 0.304040 seconds 
========================================================================
Received Import Request.
  Time since last request: 0.000481 seconds.
  path: Assets/Sweet Land GUI/Sprites/Buttons/250px/Button_Square_Yellow_250px.png
  artifactKey: Guid(7ca6d886bd040db4094470bf9ebaa4ed) Importer(815301076,1909f56bfc062723c751e8b465ee728b)
Start importing Assets/Sweet Land GUI/Sprites/Buttons/250px/Button_Square_Yellow_250px.png using Guid(7ca6d886bd040db4094470bf9ebaa4ed) Importer(815301076,1909f56bfc062723c751e8b465ee728b)  -> (artifact id: '267c88b8ed1ab74d63008529580e7001') in 0.136149 seconds 
========================================================================
Received Import Request.
  Time since last request: 0.000512 seconds.
  path: Assets/Sweet Land GUI/Prefabs/Button_Play.prefab
  artifactKey: Guid(dfc791cae673ad54f95dfb5d7dac7c30) Importer(815301076,1909f56bfc062723c751e8b465ee728b)
Start importing Assets/Sweet Land GUI/Prefabs/Button_Play.prefab using Guid(dfc791cae673ad54f95dfb5d7dac7c30) Importer(815301076,1909f56bfc062723c751e8b465ee728b)  -> (artifact id: '964af3ca845c881f8bab7db231d6b35b') in 0.167255 seconds 
========================================================================
Received Import Request.
  Time since last request: 0.001668 seconds.
  path: Assets/Sweet Land GUI/Sprites/BG_Shining.png
  artifactKey: Guid(645e774c22c0fb647a406b8c87c7218f) Importer(815301076,1909f56bfc062723c751e8b465ee728b)
Start importing Assets/Sweet Land GUI/Sprites/BG_Shining.png using Guid(645e774c22c0fb647a406b8c87c7218f) Importer(815301076,1909f56bfc062723c751e8b465ee728b)  -> (artifact id: 'e270d4785e2da7d9b8ec540393d8679d') in 0.404498 seconds 
========================================================================
Received Import Request.
  Time since last request: 0.000657 seconds.
  path: Assets/Sweet Land GUI/Prefabs/Button_Close.prefab
  artifactKey: Guid(6d6e6e690a5820a4a97763552486b8e5) Importer(815301076,1909f56bfc062723c751e8b465ee728b)
Start importing Assets/Sweet Land GUI/Prefabs/Button_Close.prefab using Guid(6d6e6e690a5820a4a97763552486b8e5) Importer(815301076,1909f56bfc062723c751e8b465ee728b)  -> (artifact id: '5c27b36d00fd47221c800c3b2736b579') in 0.049998 seconds 
========================================================================
Received Import Request.
  Time since last request: 0.000491 seconds.
  path: Assets/Sweet Land GUI/Prefabs/Button_Settings.prefab
  artifactKey: Guid(5754ef6133508f94eb5f9008157be8e3) Importer(815301076,1909f56bfc062723c751e8b465ee728b)
Start importing Assets/Sweet Land GUI/Prefabs/Button_Settings.prefab using Guid(5754ef6133508f94eb5f9008157be8e3) Importer(815301076,1909f56bfc062723c751e8b465ee728b)  -> (artifact id: '1362362ce8f6e392651e7547ddc07afa') in 0.290873 seconds 
========================================================================
Received Import Request.
  Time since last request: 15109.399701 seconds.
  path: Assets/Scripts/EnemyController.cs
  artifactKey: Guid(3de3005159687c444927bc925776cee4) Importer(815301076,1909f56bfc062723c751e8b465ee728b)
Start importing Assets/Scripts/EnemyController.cs using Guid(3de3005159687c444927bc925776cee4) Importer(815301076,1909f56bfc062723c751e8b465ee728b)  -> (artifact id: 'b8c56c27fc1213e4580df5df606f3fad') in 0.032567 seconds 
========================================================================
Received Prepare
Registering precompiled user dll's ...
Registered in 0.010647 seconds.
Begin MonoManager ReloadAssembly
Native extension for WindowsStandalone target not found
Refreshing native plugins compatible for Editor in 1.22 ms, found 2 plugins.
Preloading 0 native plugins for Editor in 0.00 ms.
Mono: successfully reloaded assembly
- Completed reload, in  6.395 seconds
Platform modules already initialized, skipping
Refreshing native plugins compatible for Editor in 1.45 ms, found 2 plugins.
Preloading 0 native plugins for Editor in 0.00 ms.
Unloading 3880 Unused Serialized files (Serialized files now loaded: 0)
System memory in use before: 167.5 MB.
System memory in use after: 167.7 MB.

Unloading 21 unused Assets to reduce memory usage. Loaded Objects now: 4938.
Total: 4.509000 ms (FindLiveObjects: 0.531300 ms CreateObjectMapping: 0.385400 ms MarkObjects: 3.458500 ms  DeleteObjects: 0.130900 ms)

========================================================================
Received Import Request.
  Time since last request: 114.070071 seconds.
  path: Assets/Scripts/EnemyController.cs
  artifactKey: Guid(3de3005159687c444927bc925776cee4) Importer(815301076,1909f56bfc062723c751e8b465ee728b)
Start importing Assets/Scripts/EnemyController.cs using Guid(3de3005159687c444927bc925776cee4) Importer(815301076,1909f56bfc062723c751e8b465ee728b)  -> (artifact id: '6bc0fbcfb8ef7caa73617c5fd5bdb7ce') in 0.011166 seconds 
