Using pre-set license
Built from '2021.1/staging' branch; Version is '2021.1.6f1 (c0fade0cc7e9) revision 12647134'; Using compiler version '192528614'; Build Type 'Release'
OS: 'Windows 10 Pro; OS build 19045.2486; Version 2009; 64bit' Language: 'ru' Physical Memory: 7805 MB
BatchMode: 1, IsHumanControllingUs: 0, StartBugReporterOnCrash: 0, Is64bit: 1, IsPro: 0

 COMMAND LINE ARGUMENTS:
C:\Program Files\Unity 2021.1.6f1\Editor\Unity.exe
-adb2
-batchMode
-noUpm
-name
AssetImportWorker3
-projectPath
G:/Учеба/C#/Unity задачи/Tower Defence
-logFile
Logs/AssetImportWorker3.log
-srvPort
61648
Successfully changed project path to: G:/Учеба/C#/Unity задачи/Tower Defence
G:/Учеба/C#/Unity задачи/Tower Defence
Using Asset Import Pipeline V2.
Refreshing native plugins compatible for Editor in 264.19 ms, found 1 plugins.
Preloading 0 native plugins for Editor in 0.00 ms.
Initialize engine version: 2021.1.6f1 (c0fade0cc7e9)
[Subsystems] Discovering subsystems at path C:/Program Files/Unity 2021.1.6f1/Editor/Data/Resources/UnitySubsystems
[Subsystems] Discovering subsystems at path G:/Учеба/C#/Unity задачи/Tower Defence/Assets
GfxDevice: creating device client; threaded=0; jobified=0
Direct3D:
    Version:  Direct3D 11.0 [level 11.0]
    Renderer: Intel(R) HD Graphics (ID=0x156)
    Vendor:   Intel
    VRAM:     128 MB
    Driver:   10.18.10.5161
Initialize mono
Mono path[0] = 'C:/Program Files/Unity 2021.1.6f1/Editor/Data/Managed'
Mono path[1] = 'C:/Program Files/Unity 2021.1.6f1/Editor/Data/MonoBleedingEdge/lib/mono/unityjit'
Mono config path = 'C:/Program Files/Unity 2021.1.6f1/Editor/Data/MonoBleedingEdge/etc'
Using monoOptions --debugger-agent=transport=dt_socket,embedding=1,server=y,suspend=n,address=127.0.0.1:56644
Begin MonoManager ReloadAssembly
Registering precompiled unity dll's ...
Register platform support module: C:/Program Files/Unity 2021.1.6f1/Editor/Data/PlaybackEngines/WindowsStandaloneSupport/UnityEditor.WindowsStandalone.Extensions.dll
Registered in 0.006314 seconds.
Native extension for WindowsStandalone target not found
Refreshing native plugins compatible for Editor in 313.72 ms, found 1 plugins.
Preloading 0 native plugins for Editor in 0.00 ms.
Mono: successfully reloaded assembly
- Completed reload, in  3.377 seconds
Platform modules already initialized, skipping
Registering precompiled user dll's ...
Registered in 0.019894 seconds.
Begin MonoManager ReloadAssembly
Native extension for WindowsStandalone target not found
Refreshing native plugins compatible for Editor in 0.97 ms, found 1 plugins.
Preloading 0 native plugins for Editor in 0.00 ms.
Mono: successfully reloaded assembly
- Completed reload, in  7.894 seconds
Platform modules already initialized, skipping
========================================================================
Worker process is ready to serve import requests
Launched and connected shader compiler UnityShaderCompiler.exe after 0.14 seconds
Refreshing native plugins compatible for Editor in 1.61 ms, found 1 plugins.
Preloading 0 native plugins for Editor in 0.00 ms.
Unloading 3261 Unused Serialized files (Serialized files now loaded: 0)
System memory in use before: 116.3 MB.
System memory in use after: 116.5 MB.

Unloading 23 unused Assets to reduce memory usage. Loaded Objects now: 3712.
Total: 3.380100 ms (FindLiveObjects: 0.343500 ms CreateObjectMapping: 0.240600 ms MarkObjects: 2.667000 ms  DeleteObjects: 0.126800 ms)

========================================================================
Received Import Request.
  path: Assets/Prefabs/Enemy.prefab
  artifactKey: Guid(7bcee0c6c89653b4098341bbd5f7e8b4) Importer(815301076,1909f56bfc062723c751e8b465ee728b)
Start importing Assets/Prefabs/Enemy.prefab using Guid(7bcee0c6c89653b4098341bbd5f7e8b4) Importer(815301076,1909f56bfc062723c751e8b465ee728b)  -> (artifact id: '77a7acffde8556b5bd3f2753e75923a6') in 0.341657 seconds 
========================================================================
Received Import Request.
  Time since last request: 0.014867 seconds.
  path: Assets/Prefabs/Player-3.prefab
  artifactKey: Guid(8f311e38b52c49e46856dc16111bf2fa) Importer(815301076,1909f56bfc062723c751e8b465ee728b)
Start importing Assets/Prefabs/Player-3.prefab using Guid(8f311e38b52c49e46856dc16111bf2fa) Importer(815301076,1909f56bfc062723c751e8b465ee728b)  -> (artifact id: '8cf81e23fcc3754d416e352c617ed766') in 0.045281 seconds 
========================================================================
Received Import Request.
  Time since last request: 0.000450 seconds.
  path: Assets/Prefabs/Player-1.prefab
  artifactKey: Guid(b7e0ae9c114ca574d9342315f718ef6a) Importer(815301076,1909f56bfc062723c751e8b465ee728b)
Start importing Assets/Prefabs/Player-1.prefab using Guid(b7e0ae9c114ca574d9342315f718ef6a) Importer(815301076,1909f56bfc062723c751e8b465ee728b)  -> (artifact id: '38bc2ea7dc5833dc666bcd655c00e2bb') in 0.094631 seconds 
========================================================================
Received Import Request.
  Time since last request: 0.000522 seconds.
  path: Assets/Prefabs/Player-4.prefab
  artifactKey: Guid(c4b6bc3fc26aea940ac6f7cb92766f36) Importer(815301076,1909f56bfc062723c751e8b465ee728b)
Start importing Assets/Prefabs/Player-4.prefab using Guid(c4b6bc3fc26aea940ac6f7cb92766f36) Importer(815301076,1909f56bfc062723c751e8b465ee728b)  -> (artifact id: 'e3da6c4331ca33492d22cf6ef3eed27b') in 0.108238 seconds 
========================================================================
Received Import Request.
  Time since last request: 0.000717 seconds.
  path: Assets/Prefabs/Player-2.prefab
  artifactKey: Guid(f13cd3a7358999443a379e58fc64e3a0) Importer(815301076,1909f56bfc062723c751e8b465ee728b)
Start importing Assets/Prefabs/Player-2.prefab using Guid(f13cd3a7358999443a379e58fc64e3a0) Importer(815301076,1909f56bfc062723c751e8b465ee728b)  -> (artifact id: '4692d52e67495d18bc2925a3a3ed0a02') in 0.111475 seconds 
